#
# A fatal error has been detected by the Java Runtime Environment:
#
#  EXCEPTION_ACCESS_VIOLATION (0xc0000005) at pc=0x000000005a32d279, pid=8924, tid=0x0000000000002254
#
# JRE version: Java(TM) SE Runtime Environment (8.0_181-b13) (build 1.8.0_181-b13)
# Java VM: Java HotSpot(TM) 64-Bit Server VM (25.181-b13 mixed mode windows-amd64 compressed oops)
# Problematic frame:
# V  [jvm.dll+0x46d279]
#
# Failed to write core dump. Minidumps are not enabled by default on client versions of Windows
#
# If you would like to submit a bug report, please visit:
#   http://bugreport.java.com/bugreport/crash.jsp
#

---------------  T H R E A D  ---------------

Current thread (0x000000001b741000):  JavaThread "C2 CompilerThread1" daemon [_thread_in_native, id=8788, stack(0x000000001ce70000,0x000000001cf70000)]

siginfo: ExceptionCode=0xc0000005, reading address 0x0000000000000048

Registers:
RAX=0x0000000000000000, RBX=0x000000001e9b85b0, RCX=0x0000000000000559, RDX=0x000000001cf6c3b0
RSP=0x000000001cf6bf80, RBP=0x00000000000009cb, RSI=0x000000000000006c, RDI=0x00000000000009ca
R8 =0x0000000000000009, R9 =0x000000001cf6c160, R10=0x000000005a6e3440, R11=0x000000001cf6c498
R12=0x0000000000000360, R13=0x0000000000000800, R14=0x0000000000000400, R15=0x0000000000000006
RIP=0x000000005a32d279, EFLAGS=0x0000000000010202

Top of Stack: (sp=0x000000001cf6bf80)
0x000000001cf6bf80:   000000001e991050 00000000000004d0
0x000000001cf6bf90:   0000000000000008 000000001cf6c160
0x000000001cf6bfa0:   000000001fa7e3c0 000000005a32c79f
0x000000001cf6bfb0:   000000000000000e 000000001fa7d560
0x000000001cf6bfc0:   0000000000000001 0000000000000070
0x000000001cf6bfd0:   00000000000003d8 000000001e194b38
0x000000001cf6bfe0:   000000001e194760 0000000000000000
0x000000001cf6bff0:   0000000000000599 0000000000002cc8
0x000000001cf6c000:   00000000000003d8 000000001e194b38
0x000000001cf6c010:   000000001e194760 0000000000000000
0x000000001cf6c020:   000000001cf6c3b0 000000001e194750
0x000000001cf6c030:   000000001cf6c140 000000005a32b506
0x000000001cf6c040:   000000001cf6c160 000000001cf6c4c0
0x000000001cf6c050:   000000000000272c 0000000000000009
0x000000001cf6c060:   0000000000000006 000000001e194750
0x000000001cf6c070:   000000001e913e50 000000001e9177c0 

Instructions: (pc=0x000000005a32d279)
0x000000005a32d259:   8b 48 30 4a 8b 04 21 8b 48 4c 48 8b 42 68 ff c9
0x000000005a32d269:   48 8d 1c 89 48 c1 e3 05 48 03 58 10 48 8b 43 08
0x000000005a32d279:   4e 8b 04 c0 47 85 2c b8 74 6e 8b c5 c1 e8 05 83
0x000000005a32d289:   e0 07 8b c8 41 8b 14 80 41 8b c5 f7 d0 23 c2 41 


Register to memory mapping:

RAX=0x0000000000000000 is an unknown value
RBX=0x000000001e9b85b0 is an unknown value
RCX=0x0000000000000559 is an unknown value
RDX=0x000000001cf6c3b0 is pointing into the stack for thread: 0x000000001b741000
RSP=0x000000001cf6bf80 is pointing into the stack for thread: 0x000000001b741000
RBP=0x00000000000009cb is an unknown value
RSI=0x000000000000006c is an unknown value
RDI=0x00000000000009ca is an unknown value
R8 =0x0000000000000009 is an unknown value
R9 =0x000000001cf6c160 is pointing into the stack for thread: 0x000000001b741000
R10=0x000000005a6e3440 is an unknown value
R11=0x000000001cf6c498 is pointing into the stack for thread: 0x000000001b741000
R12=0x0000000000000360 is an unknown value
R13=0x0000000000000800 is an unknown value
R14=0x0000000000000400 is an unknown value
R15=0x0000000000000006 is an unknown value


Stack: [0x000000001ce70000,0x000000001cf70000],  sp=0x000000001cf6bf80,  free space=1007k
Native frames: (J=compiled Java code, j=interpreted, Vv=VM code, C=native code)
V  [jvm.dll+0x46d279]
V  [jvm.dll+0x46b506]
V  [jvm.dll+0x476c1b]
V  [jvm.dll+0x479527]
V  [jvm.dll+0x45bd02]
V  [jvm.dll+0xa6b02]
V  [jvm.dll+0xa744f]
V  [jvm.dll+0x245d2f]
V  [jvm.dll+0x29e64a]
C  [msvcr100.dll+0x21d9f]
C  [msvcr100.dll+0x21e3b]
C  [KERNEL32.DLL+0x12d92]
C  [ntdll.dll+0x9f64]


Current CompileTask:
C2:  10946 3562   !   4       com.google.inject.spi.InjectionPoint::getInjectionPoints (506 bytes)


---------------  P R O C E S S  ---------------

Java Threads: ( => current thread )
  0x0000000020c3a800 JavaThread "resolver-4" daemon [_thread_blocked, id=8180, stack(0x0000000020710000,0x0000000020810000)]
  0x000000002003a800 JavaThread "resolver-3" daemon [_thread_blocked, id=8592, stack(0x0000000020610000,0x0000000020710000)]
  0x0000000020a31000 JavaThread "resolver-2" daemon [_thread_blocked, id=9088, stack(0x0000000020510000,0x0000000020610000)]
  0x0000000020a30000 JavaThread "resolver-1" daemon [_thread_blocked, id=7884, stack(0x0000000020410000,0x0000000020510000)]
  0x000000001b79e800 JavaThread "Service Thread" daemon [_thread_blocked, id=5876, stack(0x000000001d470000,0x000000001d570000)]
  0x000000001b744000 JavaThread "C1 CompilerThread2" daemon [_thread_blocked, id=5764, stack(0x000000001cf70000,0x000000001d070000)]
=>0x000000001b741000 JavaThread "C2 CompilerThread1" daemon [_thread_in_native, id=8788, stack(0x000000001ce70000,0x000000001cf70000)]
  0x000000001b73e000 JavaThread "C2 CompilerThread0" daemon [_thread_in_native, id=5604, stack(0x000000001cd70000,0x000000001ce70000)]
  0x000000001b73c000 JavaThread "Attach Listener" daemon [_thread_blocked, id=8060, stack(0x000000001cc70000,0x000000001cd70000)]
  0x000000001b739800 JavaThread "Signal Dispatcher" daemon [_thread_blocked, id=8456, stack(0x000000001cb70000,0x000000001cc70000)]
  0x000000001b72a800 JavaThread "Finalizer" daemon [_thread_blocked, id=3912, stack(0x000000001c990000,0x000000001ca90000)]
  0x0000000002142000 JavaThread "Reference Handler" daemon [_thread_blocked, id=1732, stack(0x000000001c890000,0x000000001c990000)]
  0x00000000006ee800 JavaThread "main" [_thread_in_native, id=8940, stack(0x0000000001f50000,0x0000000002050000)]

Other Threads:
  0x000000001b707000 VMThread [stack: 0x000000001c790000,0x000000001c890000] [id=6624]
  0x000000001d09a000 WatcherThread [stack: 0x000000001d570000,0x000000001d670000] [id=8632]

VM state:not at safepoint (normal execution)

VM Mutex/Monitor currently owned by a thread: None

Heap:
 PSYoungGen      total 76288K, used 58225K [0x000000076b300000, 0x0000000770800000, 0x00000007c0000000)
  eden space 65536K, 72% used [0x000000076b300000,0x000000076e1644e0,0x000000076f300000)
  from space 10752K, 99% used [0x000000076fd80000,0x00000007707f8020,0x0000000770800000)
  to   space 10752K, 0% used [0x000000076f300000,0x000000076f300000,0x000000076fd80000)
 ParOldGen       total 175104K, used 2546K [0x00000006c1800000, 0x00000006cc300000, 0x000000076b300000)
  object space 175104K, 1% used [0x00000006c1800000,0x00000006c1a7ca70,0x00000006cc300000)
 Metaspace       used 18591K, capacity 19176K, committed 19328K, reserved 1067008K
  class space    used 2153K, capacity 2369K, committed 2432K, reserved 1048576K

Card table byte_map: [0x0000000011510000,0x0000000011d10000] byte_map_base: 0x000000000df04000

Marking Bits: (ParMarkBitMap*) 0x000000005a6e2d00
 Begin Bits: [0x0000000012660000, 0x0000000016600000)
 End Bits:   [0x0000000016600000, 0x000000001a5a0000)

Polling page: 0x0000000000620000

CodeCache: size=245760Kb used=11606Kb max_used=12938Kb free=234153Kb
 bounds [0x0000000002150000, 0x0000000002e00000, 0x0000000011150000]
 total_blobs=3535 nmethods=3156 adapters=290
 compilation: enabled

Compilation events (10 events):
Event: 10.390 Thread 0x000000001b744000 3580       3       org.codehaus.plexus.util.MatchPattern::tokenizePathToString (58 bytes)
Event: 10.391 Thread 0x000000001b744000 nmethod 3580 0x00000000025d5190 code [0x00000000025d53c0, 0x00000000025d6188]
Event: 10.392 Thread 0x000000001b744000 3581       1       org.codehaus.plexus.util.DirectoryScanner::isSelected (2 bytes)
Event: 10.392 Thread 0x000000001b744000 nmethod 3581 0x000000000275aa90 code [0x000000000275abe0, 0x000000000275acf0]
Event: 10.397 Thread 0x000000001b744000 3582       3       java.lang.String::valueOf (18 bytes)
Event: 10.397 Thread 0x000000001b744000 nmethod 3582 0x00000000025d4c10 code [0x00000000025d4d80, 0x00000000025d5070]
Event: 10.596 Thread 0x000000001b744000 3583       3       sun.reflect.ClassFileAssembler::incStack (11 bytes)
Event: 10.596 Thread 0x000000001b744000 nmethod 3583 0x00000000023ed090 code [0x00000000023ed200, 0x00000000023ed410]
Event: 10.744 Thread 0x000000001b744000 3584       3       org.apache.maven.plugin.war.util.PathSet::normalizeFilePath (5 bytes)
Event: 10.744 Thread 0x000000001b744000 nmethod 3584 0x0000000002560c90 code [0x0000000002560e60, 0x0000000002561558]

GC Heap History (8 events):
Event: 2.031 GC heap before
{Heap before GC invocations=1 (full 0):
 PSYoungGen      total 76288K, used 65536K [0x000000076b300000, 0x0000000770800000, 0x00000007c0000000)
  eden space 65536K, 100% used [0x000000076b300000,0x000000076f300000,0x000000076f300000)
  from space 10752K, 0% used [0x000000076fd80000,0x000000076fd80000,0x0000000770800000)
  to   space 10752K, 0% used [0x000000076f300000,0x000000076f300000,0x000000076fd80000)
 ParOldGen       total 175104K, used 0K [0x00000006c1800000, 0x00000006cc300000, 0x000000076b300000)
  object space 175104K, 0% used [0x00000006c1800000,0x00000006c1800000,0x00000006cc300000)
 Metaspace       used 12205K, capacity 12398K, committed 12672K, reserved 1060864K
  class space    used 1504K, capacity 1575K, committed 1664K, reserved 1048576K
Event: 2.048 GC heap after
Heap after GC invocations=1 (full 0):
 PSYoungGen      total 76288K, used 10257K [0x000000076b300000, 0x0000000770800000, 0x00000007c0000000)
  eden space 65536K, 0% used [0x000000076b300000,0x000000076b300000,0x000000076f300000)
  from space 10752K, 95% used [0x000000076f300000,0x000000076fd04680,0x000000076fd80000)
  to   space 10752K, 0% used [0x000000076fd80000,0x000000076fd80000,0x0000000770800000)
 ParOldGen       total 175104K, used 8K [0x00000006c1800000, 0x00000006cc300000, 0x000000076b300000)
  object space 175104K, 0% used [0x00000006c1800000,0x00000006c1802000,0x00000006cc300000)
 Metaspace       used 12205K, capacity 12398K, committed 12672K, reserved 1060864K
  class space    used 1504K, capacity 1575K, committed 1664K, reserved 1048576K
}
Event: 3.514 GC heap before
{Heap before GC invocations=2 (full 0):
 PSYoungGen      total 76288K, used 75793K [0x000000076b300000, 0x0000000770800000, 0x00000007c0000000)
  eden space 65536K, 100% used [0x000000076b300000,0x000000076f300000,0x000000076f300000)
  from space 10752K, 95% used [0x000000076f300000,0x000000076fd04680,0x000000076fd80000)
  to   space 10752K, 0% used [0x000000076fd80000,0x000000076fd80000,0x0000000770800000)
 ParOldGen       total 175104K, used 8K [0x00000006c1800000, 0x00000006cc300000, 0x000000076b300000)
  object space 175104K, 0% used [0x00000006c1800000,0x00000006c1802000,0x00000006cc300000)
 Metaspace       used 12932K, capacity 13182K, committed 13440K, reserved 1060864K
  class space    used 1538K, capacity 1615K, committed 1664K, reserved 1048576K
Event: 3.525 GC heap after
Heap after GC invocations=2 (full 0):
 PSYoungGen      total 76288K, used 7619K [0x000000076b300000, 0x0000000770800000, 0x00000007c0000000)
  eden space 65536K, 0% used [0x000000076b300000,0x000000076b300000,0x000000076f300000)
  from space 10752K, 70% used [0x000000076fd80000,0x00000007704f0c98,0x0000000770800000)
  to   space 10752K, 0% used [0x000000076f300000,0x000000076f300000,0x000000076fd80000)
 ParOldGen       total 175104K, used 16K [0x00000006c1800000, 0x00000006cc300000, 0x000000076b300000)
  object space 175104K, 0% used [0x00000006c1800000,0x00000006c1804000,0x00000006cc300000)
 Metaspace       used 12932K, capacity 13182K, committed 13440K, reserved 1060864K
  class space    used 1538K, capacity 1615K, committed 1664K, reserved 1048576K
}
Event: 5.133 GC heap before
{Heap before GC invocations=3 (full 0):
 PSYoungGen      total 76288K, used 73155K [0x000000076b300000, 0x0000000770800000, 0x00000007c0000000)
  eden space 65536K, 100% used [0x000000076b300000,0x000000076f300000,0x000000076f300000)
  from space 10752K, 70% used [0x000000076fd80000,0x00000007704f0c98,0x0000000770800000)
  to   space 10752K, 0% used [0x000000076f300000,0x000000076f300000,0x000000076fd80000)
 ParOldGen       total 175104K, used 16K [0x00000006c1800000, 0x00000006cc300000, 0x000000076b300000)
  object space 175104K, 0% used [0x00000006c1800000,0x00000006c1804000,0x00000006cc300000)
 Metaspace       used 13425K, capacity 13660K, committed 13952K, reserved 1060864K
  class space    used 1558K, capacity 1620K, committed 1664K, reserved 1048576K
Event: 5.142 GC heap after
Heap after GC invocations=3 (full 0):
 PSYoungGen      total 76288K, used 9840K [0x000000076b300000, 0x0000000770800000, 0x00000007c0000000)
  eden space 65536K, 0% used [0x000000076b300000,0x000000076b300000,0x000000076f300000)
  from space 10752K, 91% used [0x000000076f300000,0x000000076fc9c010,0x000000076fd80000)
  to   space 10752K, 0% used [0x000000076fd80000,0x000000076fd80000,0x0000000770800000)
 ParOldGen       total 175104K, used 24K [0x00000006c1800000, 0x00000006cc300000, 0x000000076b300000)
  object space 175104K, 0% used [0x00000006c1800000,0x00000006c1806000,0x00000006cc300000)
 Metaspace       used 13425K, capacity 13660K, committed 13952K, reserved 1060864K
  class space    used 1558K, capacity 1620K, committed 1664K, reserved 1048576K
}
Event: 8.292 GC heap before
{Heap before GC invocations=4 (full 0):
 PSYoungGen      total 76288K, used 75376K [0x000000076b300000, 0x0000000770800000, 0x00000007c0000000)
  eden space 65536K, 100% used [0x000000076b300000,0x000000076f300000,0x000000076f300000)
  from space 10752K, 91% used [0x000000076f300000,0x000000076fc9c010,0x000000076fd80000)
  to   space 10752K, 0% used [0x000000076fd80000,0x000000076fd80000,0x0000000770800000)
 ParOldGen       total 175104K, used 24K [0x00000006c1800000, 0x00000006cc300000, 0x000000076b300000)
  object space 175104K, 0% used [0x00000006c1800000,0x00000006c1806000,0x00000006cc300000)
 Metaspace       used 14794K, capacity 15100K, committed 15232K, reserved 1062912K
  class space    used 1701K, capacity 1804K, committed 1920K, reserved 1048576K
Event: 8.305 GC heap after
Heap after GC invocations=4 (full 0):
 PSYoungGen      total 76288K, used 10720K [0x000000076b300000, 0x0000000770800000, 0x00000007c0000000)
  eden space 65536K, 0% used [0x000000076b300000,0x000000076b300000,0x000000076f300000)
  from space 10752K, 99% used [0x000000076fd80000,0x00000007707f8020,0x0000000770800000)
  to   space 10752K, 0% used [0x000000076f300000,0x000000076f300000,0x000000076fd80000)
 ParOldGen       total 175104K, used 2546K [0x00000006c1800000, 0x00000006cc300000, 0x000000076b300000)
  object space 175104K, 1% used [0x00000006c1800000,0x00000006c1a7ca70,0x00000006cc300000)
 Metaspace       used 14794K, capacity 15100K, committed 15232K, reserved 1062912K
  class space    used 1701K, capacity 1804K, committed 1920K, reserved 1048576K
}

Deoptimization events (10 events):
Event: 9.817 Thread 0x00000000211af000 Uncommon trap: reason=class_check action=maybe_recompile pc=0x0000000002734010 method=java.util.Hashtable.addEntry(ILjava/lang/Object;Ljava/lang/Object;I)V @ 38
Event: 9.818 Thread 0x000000001d1e4000 Uncommon trap: reason=unstable_if action=reinterpret pc=0x0000000002d34820 method=java.io.BufferedReader.readLine(Z)Ljava/lang/String; @ 265
Event: 9.826 Thread 0x00000000211af000 Uncommon trap: reason=class_check action=maybe_recompile pc=0x0000000002734010 method=java.util.Hashtable.addEntry(ILjava/lang/Object;Ljava/lang/Object;I)V @ 38
Event: 10.194 Thread 0x00000000006ee800 Uncommon trap: reason=unstable_if action=reinterpret pc=0x0000000002c8aa34 method=java.lang.String.regionMatches(ZILjava/lang/String;II)Z @ 41
Event: 10.197 Thread 0x00000000006ee800 Uncommon trap: reason=unstable_if action=reinterpret pc=0x0000000002322740 method=sun.misc.MetaIndex.mayContain(Ljava/lang/String;)Z @ 38
Event: 10.245 Thread 0x00000000006ee800 Uncommon trap: reason=unstable_if action=reinterpret pc=0x0000000002a8928c method=java.util.Properties$LineReader.readLine()I @ 246
Event: 10.287 Thread 0x00000000006ee800 Uncommon trap: reason=unstable_if action=reinterpret pc=0x0000000002cb9e68 method=java.lang.reflect.Field.set(Ljava/lang/Object;Ljava/lang/Object;)V @ 4
Event: 10.333 Thread 0x00000000006ee800 Uncommon trap: reason=unstable_if action=reinterpret pc=0x00000000027e3de4 method=java.util.regex.Pattern.compile()V @ 320
Event: 10.335 Thread 0x00000000006ee800 Uncommon trap: reason=bimorphic action=maybe_recompile pc=0x00000000029c17d4 method=java.util.regex.Pattern$CharProperty.study(Ljava/util/regex/Pattern$TreeInfo;)Z @ 25
Event: 10.357 Thread 0x00000000006ee800 Uncommon trap: reason=unstable_if action=reinterpret pc=0x0000000002c9a044 method=org.sonatype.guice.bean.locators.RankedBindings$Itr.hasNext()Z @ 22

Classes redefined (0 events):
No events

Internal exceptions (10 events):
Event: 7.715 Thread 0x00000000006ee800 Exception <a 'java/lang/NoClassDefFoundError': org/slf4j/Logger> (0x000000076dd56838) thrown at [C:\re\workspace\8-2-build-windows-amd64-cygwin\jdk8u181\11358\hotspot\src\share\vm\oops\constantPool.cpp, line 235]
Event: 8.250 Thread 0x00000000006ee800 Exception <a 'java/lang/NoClassDefFoundError': org/slf4j/Logger> (0x000000076f04eba8) thrown at [C:\re\workspace\8-2-build-windows-amd64-cygwin\jdk8u181\11358\hotspot\src\share\vm\oops\constantPool.cpp, line 235]
Event: 9.117 Thread 0x00000000006ee800 Exception <a 'java/lang/NoClassDefFoundError': org/slf4j/Logger> (0x000000076ba8e8e0) thrown at [C:\re\workspace\8-2-build-windows-amd64-cygwin\jdk8u181\11358\hotspot\src\share\vm\oops\constantPool.cpp, line 235]
Event: 9.179 Thread 0x00000000006ee800 Implicit null exception at 0x0000000002a3e07c to 0x0000000002a3e0ba
Event: 9.181 Thread 0x00000000006ee800 Implicit null exception at 0x0000000002d49ba1 to 0x0000000002d4bd25
Event: 9.199 Thread 0x00000000006ee800 Implicit null exception at 0x0000000002d994c3 to 0x0000000002d9970d
Event: 10.156 Thread 0x00000000006ee800 Exception <a 'java/lang/NoClassDefFoundError': org/slf4j/Logger> (0x000000076d5707f0) thrown at [C:\re\workspace\8-2-build-windows-amd64-cygwin\jdk8u181\11358\hotspot\src\share\vm\oops\constantPool.cpp, line 235]
Event: 10.243 Thread 0x00000000006ee800 Exception <a 'java/io/FileNotFoundException'> (0x000000076d7ec480) thrown at [C:\re\workspace\8-2-build-windows-amd64-cygwin\jdk8u181\11358\hotspot\src\share\vm\prims\jni.cpp, line 709]
Event: 10.276 Thread 0x00000000006ee800 Exception <a 'java/lang/NoSuchFieldError': method resolution failed> (0x000000076d8bc138) thrown at [C:\re\workspace\8-2-build-windows-amd64-cygwin\jdk8u181\11358\hotspot\src\share\vm\prims\methodHandles.cpp, line 1167]
Event: 10.278 Thread 0x00000000006ee800 Exception <a 'java/lang/NoSuchFieldError': method resolution failed> (0x000000076d8c9bc8) thrown at [C:\re\workspace\8-2-build-windows-amd64-cygwin\jdk8u181\11358\hotspot\src\share\vm\prims\methodHandles.cpp, line 1167]

Events (10 events):
Event: 10.404 loading class sun/nio/ch/Util$1
Event: 10.404 loading class sun/nio/ch/Util$1 done
Event: 10.404 loading class sun/nio/ch/Util$5
Event: 10.404 loading class sun/nio/ch/Util$5 done
Event: 10.404 loading class java/nio/DirectByteBufferR
Event: 10.405 loading class java/nio/DirectByteBufferR done
Event: 10.405 loading class org/codehaus/plexus/util/IOUtil
Event: 10.405 loading class org/codehaus/plexus/util/IOUtil done
Event: 10.405 loading class org/codehaus/plexus/util/IOUtil
Event: 10.405 loading class org/codehaus/plexus/util/IOUtil done


Dynamic libraries:
0x00007ff743290000 - 0x00007ff7432c7000 	C:\Program Files\Java\jdk1.8.0_181\bin\java.exe
0x00007ffc84730000 - 0x00007ffc848f2000 	C:\Windows\SYSTEM32\ntdll.dll
0x00007ffc83b40000 - 0x00007ffc83bed000 	C:\Windows\system32\KERNEL32.DLL
0x00007ffc81990000 - 0x00007ffc81b6d000 	C:\Windows\system32\KERNELBASE.dll
0x00007ffc83930000 - 0x00007ffc839d6000 	C:\Windows\system32\ADVAPI32.dll
0x00007ffc83680000 - 0x00007ffc8371d000 	C:\Windows\system32\msvcrt.dll
0x00007ffc83840000 - 0x00007ffc8389b000 	C:\Windows\system32\sechost.dll
0x00007ffc83550000 - 0x00007ffc83676000 	C:\Windows\system32\RPCRT4.dll
0x00007ffc83330000 - 0x00007ffc8347e000 	C:\Windows\system32\USER32.dll
0x00007ffc841b0000 - 0x00007ffc84335000 	C:\Windows\system32\GDI32.dll
0x00007ffc74660000 - 0x00007ffc748d4000 	C:\Windows\WinSxS\amd64_microsoft.windows.common-controls_6595b64144ccf1df_6.0.10240.16384_none_f41f7b285750ef43\COMCTL32.dll
0x00007ffc83c50000 - 0x00007ffc83c86000 	C:\Windows\system32\IMM32.DLL
0x00007ffc839e0000 - 0x00007ffc83b3c000 	C:\Windows\system32\MSCTF.dll
0x0000000059de0000 - 0x0000000059eb2000 	C:\Program Files\Java\jdk1.8.0_181\jre\bin\msvcr100.dll
0x0000000059ec0000 - 0x000000005a762000 	C:\Program Files\Java\jdk1.8.0_181\jre\bin\server\jvm.dll
0x00007ffc83920000 - 0x00007ffc83928000 	C:\Windows\system32\PSAPI.DLL
0x00007ffc76d00000 - 0x00007ffc76d09000 	C:\Windows\SYSTEM32\WSOCK32.dll
0x00007ffc70340000 - 0x00007ffc70363000 	C:\Windows\SYSTEM32\WINMM.dll
0x00007ffc77b50000 - 0x00007ffc77b5a000 	C:\Windows\SYSTEM32\VERSION.dll
0x00007ffc70310000 - 0x00007ffc7033c000 	C:\Windows\SYSTEM32\WINMMBASE.dll
0x00007ffc838a0000 - 0x00007ffc83909000 	C:\Windows\system32\WS2_32.dll
0x00007ffc84340000 - 0x00007ffc84348000 	C:\Windows\system32\NSI.dll
0x00007ffc81940000 - 0x00007ffc81984000 	C:\Windows\system32\cfgmgr32.dll
0x00007ffc7fad0000 - 0x00007ffc7faf7000 	C:\Windows\SYSTEM32\DEVOBJ.dll
0x0000000059d90000 - 0x0000000059d9f000 	C:\Program Files\Java\jdk1.8.0_181\jre\bin\verify.dll
0x0000000059d60000 - 0x0000000059d89000 	C:\Program Files\Java\jdk1.8.0_181\jre\bin\java.dll
0x0000000059d40000 - 0x0000000059d56000 	C:\Program Files\Java\jdk1.8.0_181\jre\bin\zip.dll
0x00007ffc81e00000 - 0x00007ffc83325000 	C:\Windows\system32\SHELL32.dll
0x00007ffc81310000 - 0x00007ffc81938000 	C:\Windows\system32\windows.storage.dll
0x00007ffc83e60000 - 0x00007ffc840dc000 	C:\Windows\system32\combase.dll
0x00007ffc840e0000 - 0x00007ffc84131000 	C:\Windows\system32\shlwapi.dll
0x00007ffc81160000 - 0x00007ffc8116f000 	C:\Windows\system32\kernel.appcore.dll
0x00007ffc81b70000 - 0x00007ffc81c23000 	C:\Windows\system32\shcore.dll
0x00007ffc811b0000 - 0x00007ffc811fa000 	C:\Windows\system32\powrprof.dll
0x00007ffc81190000 - 0x00007ffc811a3000 	C:\Windows\system32\profapi.dll
0x0000000059d20000 - 0x0000000059d3a000 	C:\Program Files\Java\jdk1.8.0_181\jre\bin\net.dll
0x00007ffc809d0000 - 0x00007ffc80a2d000 	C:\Windows\system32\mswsock.dll
0x0000000059d00000 - 0x0000000059d11000 	C:\Program Files\Java\jdk1.8.0_181\jre\bin\nio.dll
0x00007ffc80a30000 - 0x00007ffc80a47000 	C:\Windows\SYSTEM32\CRYPTSP.dll
0x00007ffc80ca0000 - 0x00007ffc80cc8000 	C:\Windows\SYSTEM32\bcrypt.dll
0x00007ffc80680000 - 0x00007ffc806b3000 	C:\Windows\system32\rsaenh.dll
0x00007ffc80770000 - 0x00007ffc8078f000 	C:\Windows\SYSTEM32\USERENV.dll
0x00007ffc80fb0000 - 0x00007ffc8101b000 	C:\Windows\system32\bcryptprimitives.dll
0x00007ffc80ba0000 - 0x00007ffc80bab000 	C:\Windows\SYSTEM32\CRYPTBASE.dll
0x00007ffc7a6b0000 - 0x00007ffc7a6e8000 	C:\Windows\SYSTEM32\IPHLPAPI.DLL
0x00007ffc7a6a0000 - 0x00007ffc7a6ab000 	C:\Windows\SYSTEM32\WINNSI.DLL
0x00007ffc79f00000 - 0x00007ffc79f16000 	C:\Windows\SYSTEM32\dhcpcsvc6.DLL
0x00007ffc7a140000 - 0x00007ffc7a15a000 	C:\Windows\SYSTEM32\dhcpcsvc.DLL
0x0000000059b60000 - 0x0000000059cf9000 	C:\Program Files\Java\jdk1.8.0_181\jre\bin\awt.dll
0x00007ffc83780000 - 0x00007ffc8383e000 	C:\Windows\system32\OLEAUT32.dll
0x00007ffc7f6f0000 - 0x00007ffc7f768000 	C:\Windows\system32\apphelp.dll
0x00007ffc778c0000 - 0x00007ffc77a4a000 	C:\Windows\SYSTEM32\dbghelp.dll

VM Arguments:
jvm_args: -Dclassworlds.conf=C:\Program Files\NetBeans 8.2\java\maven\bin\m2.conf -Dmaven.home=C:\Program Files\NetBeans 8.2\java\maven 
java_command: org.codehaus.plexus.classworlds.launcher.Launcher -Dnetbeans.deploy.clientUrlPart=/Login.jsp -Dnetbeans.deploy.debugmode=true -Dnetbeans.deploy=true -Dmaven.ext.class.path=C:\Program Files\NetBeans 8.2\java\maven-nblib\netbeans-eventspy.jar -Dfile.encoding=UTF-8 package
java_class_path (initial): C:\Program Files\NetBeans 8.2\java\maven\boot\plexus-classworlds-2.4.jar
Launcher Type: SUN_STANDARD

Environment Variables:
JAVA_HOME=C:\Program Files\Java\jdk1.8.0_181
CLASSPATH=.;
PATH=C:\Program Files (x86)\Common Files\Oracle\Java\javapath;C:\Program Files (x86)\Intel\iCLS Client\;C:\Program Files\Intel\iCLS Client\;C:\Windows\system32;C:\Windows;C:\Windows\System32\Wbem;C:\Windows\System32\WindowsPowerShell\v1.0\;C:\Program Files\Java\jdk1.8.0_181\bin;C:\Users\Riana\AppData\Local\GitHubDesktop\bin
USERNAME=Riana
OS=Windows_NT
PROCESSOR_IDENTIFIER=Intel64 Family 6 Model 61 Stepping 4, GenuineIntel



---------------  S Y S T E M  ---------------

OS: Windows 10.0 , 64 bit Build 10240 (10.0.10240.16384)

CPU:total 4 (initial active 4) (2 cores per cpu, 2 threads per core) family 6 model 61 stepping 4, cmov, cx8, fxsr, mmx, sse, sse2, sse3, ssse3, sse4.1, sse4.2, popcnt, avx, avx2, aes, clmul, erms, 3dnowpref, lzcnt, ht, tsc, tscinvbit, bmi1, bmi2, adx

Memory: 4k page, physical 16677280k(10620744k free), swap 19167648k(11716548k free)

vm_info: Java HotSpot(TM) 64-Bit Server VM (25.181-b13) for windows-amd64 JRE (1.8.0_181-b13), built on Jul  7 2018 04:01:33 by "java_re" with MS VC++ 10.0 (VS2010)

time: Fri Sep 21 21:21:12 2018
elapsed time: 10 seconds (0d 0h 0m 10s)

