#
# A fatal error has been detected by the Java Runtime Environment:
#
#  EXCEPTION_ACCESS_VIOLATION (0xc0000005) at pc=0x00000000548406c0, pid=9236, tid=0x0000000000002478
#
# JRE version: Java(TM) SE Runtime Environment (8.0_181-b13) (build 1.8.0_181-b13)
# Java VM: Java HotSpot(TM) 64-Bit Server VM (25.181-b13 mixed mode windows-amd64 compressed oops)
# Problematic frame:
# V  [jvm.dll+0x4c06c0]
#
# Failed to write core dump. Minidumps are not enabled by default on client versions of Windows
#
# If you would like to submit a bug report, please visit:
#   http://bugreport.java.com/bugreport/crash.jsp
#

---------------  T H R E A D  ---------------

Current thread (0x000000001be7e800):  JavaThread "C2 CompilerThread0" daemon [_thread_in_native, id=9336, stack(0x000000001d4e0000,0x000000001d5e0000)]

siginfo: ExceptionCode=0xc0000005, reading address 0x0000000000000008

Registers:
RAX=0x0000000021dbd4d0, RBX=0x00000000201f2858, RCX=0x0000000000000000, RDX=0x00000000201f2858
RSP=0x000000001d5dbb00, RBP=0x000000001d5dc160, RSI=0x000000000000007d, RDI=0x0000000000000000
R8 =0x0000000000000000, R9 =0x0000000022710530, R10=0x000000001d5dc160, R11=0x0000000022d68c60
R12=0x0000000000000001, R13=0x0000000000000000, R14=0x00000000211e0dd8, R15=0x0000000000000000
RIP=0x00000000548406c0, EFLAGS=0x0000000000010287

Top of Stack: (sp=0x000000001d5dbb00)
0x000000001d5dbb00:   00000000201f2858 0000000000000001
0x000000001d5dbb10:   0000000000000000 000000005444e597
0x000000001d5dbb20:   00000000213ae340 00000000211e0dd8
0x000000001d5dbb30:   000000001d5dc160 0000000000000000
0x000000001d5dbb40:   00000000211e0dd8 00000000548448b0
0x000000001d5dbb50:   00000000211e00c0 000000001ee05f70
0x000000001d5dbb60:   000000000000007d 00000000211e0dd8
0x000000001d5dbb70:   00000000211e0dd8 000000000000007d
0x000000001d5dbb80:   00000000211dffd0 000000001d5dc160
0x000000001d5dbb90:   00000000211dffd0 000000000000005e
0x000000001d5dbba0:   000000001e2d6d10 0000000054844935
0x000000001d5dbbb0:   000000001d5dbbf0 00000000213ae558
0x000000001d5dbbc0:   00000000211dffd0 000000001fd29100
0x000000001d5dbbd0:   000000001be46910 0000000000000100
0x000000001d5dbbe0:   00000000211e00c0 000000005483f8f5
0x000000001d5dbbf0:   000000001d5dbd28 000000001d5dbd08 

Instructions: (pc=0x00000000548406c0)
0x00000000548406a0:   d7 e8 ba 07 05 00 48 8b 85 e8 09 00 00 4c 89 34
0x00000000548406b0:   f8 45 8b 45 28 4c 8b 8d f8 09 00 00 4f 8b 2c c1
0x00000000548406c0:   49 8b 45 08 48 83 38 00 75 2b 8b 55 28 0f 1f 00
0x00000000548406d0:   41 8b 45 28 3b c2 73 0c 8b c8 48 8b 45 30 4c 8b 


Register to memory mapping:

RAX=0x0000000021dbd4d0 is an unknown value
RBX=0x00000000201f2858 is an unknown value
RCX=0x0000000000000000 is an unknown value
RDX=0x00000000201f2858 is an unknown value
RSP=0x000000001d5dbb00 is pointing into the stack for thread: 0x000000001be7e800
RBP=0x000000001d5dc160 is pointing into the stack for thread: 0x000000001be7e800
RSI=0x000000000000007d is an unknown value
RDI=0x0000000000000000 is an unknown value
R8 =0x0000000000000000 is an unknown value
R9 =0x0000000022710530 is an unknown value
R10=0x000000001d5dc160 is pointing into the stack for thread: 0x000000001be7e800
R11=0x0000000022d68c60 is an unknown value
R12=0x0000000000000001 is an unknown value
R13=0x0000000000000000 is an unknown value
R14=0x00000000211e0dd8 is an unknown value
R15=0x0000000000000000 is an unknown value


Stack: [0x000000001d4e0000,0x000000001d5e0000],  sp=0x000000001d5dbb00,  free space=1006k
Native frames: (J=compiled Java code, j=interpreted, Vv=VM code, C=native code)
V  [jvm.dll+0x4c06c0]
V  [jvm.dll+0x4c48b0]
V  [jvm.dll+0x4c4935]
V  [jvm.dll+0x4c4cd3]
V  [jvm.dll+0x4c6579]
V  [jvm.dll+0x4c8323]
V  [jvm.dll+0x478660]
V  [jvm.dll+0x479493]
V  [jvm.dll+0x45bd02]
V  [jvm.dll+0xa6b02]
V  [jvm.dll+0xa744f]
V  [jvm.dll+0x245d2f]
V  [jvm.dll+0x29e64a]
C  [msvcr100.dll+0x21d9f]
C  [msvcr100.dll+0x21e3b]
C  [KERNEL32.DLL+0x12d92]
C  [ntdll.dll+0x9f64]


Current CompileTask:
C2:  19858 4284       4       com.sun.tools.javac.jvm.ClassReader::readPool (504 bytes)


---------------  P R O C E S S  ---------------

Java Threads: ( => current thread )
  0x000000001bede800 JavaThread "Service Thread" daemon [_thread_blocked, id=916, stack(0x000000001dbe0000,0x000000001dce0000)]
  0x000000001bed7000 JavaThread "C1 CompilerThread2" daemon [_thread_blocked, id=1784, stack(0x000000001dae0000,0x000000001dbe0000)]
  0x000000001bed0000 JavaThread "C2 CompilerThread1" daemon [_thread_in_native, id=8100, stack(0x000000001d5e0000,0x000000001d6e0000)]
=>0x000000001be7e800 JavaThread "C2 CompilerThread0" daemon [_thread_in_native, id=9336, stack(0x000000001d4e0000,0x000000001d5e0000)]
  0x000000001be7d000 JavaThread "Attach Listener" daemon [_thread_blocked, id=5020, stack(0x000000001d3e0000,0x000000001d4e0000)]
  0x000000001be7a800 JavaThread "Signal Dispatcher" daemon [_thread_blocked, id=7824, stack(0x000000001d2e0000,0x000000001d3e0000)]
  0x000000001be6a800 JavaThread "Finalizer" daemon [_thread_blocked, id=9932, stack(0x000000001d100000,0x000000001d200000)]
  0x0000000002882000 JavaThread "Reference Handler" daemon [_thread_blocked, id=9572, stack(0x000000001d000000,0x000000001d100000)]
  0x000000000268e800 JavaThread "main" [_thread_in_vm, id=7704, stack(0x0000000002690000,0x0000000002790000)]

Other Threads:
  0x000000001be47000 VMThread [stack: 0x000000001cf00000,0x000000001d000000] [id=8204]
  0x000000001d703800 WatcherThread [stack: 0x000000001dce0000,0x000000001dde0000] [id=3120]

VM state:not at safepoint (normal execution)

VM Mutex/Monitor currently owned by a thread: None

Heap:
 PSYoungGen      total 74752K, used 53068K [0x000000076b300000, 0x0000000772580000, 0x00000007c0000000)
  eden space 64000K, 66% used [0x000000076b300000,0x000000076dc58b40,0x000000076f180000)
  from space 10752K, 99% used [0x000000076f300000,0x000000076fd7a5e0,0x000000076fd80000)
  to   space 26624K, 0% used [0x0000000770b80000,0x0000000770b80000,0x0000000772580000)
 ParOldGen       total 175104K, used 21705K [0x00000006c1800000, 0x00000006cc300000, 0x000000076b300000)
  object space 175104K, 12% used [0x00000006c1800000,0x00000006c2d32798,0x00000006cc300000)
 Metaspace       used 20680K, capacity 21020K, committed 21248K, reserved 1069056K
  class space    used 2371K, capacity 2524K, committed 2560K, reserved 1048576K

Card table byte_map: [0x0000000011c50000,0x0000000012450000] byte_map_base: 0x000000000e644000

Marking Bits: (ParMarkBitMap*) 0x0000000054ba2d00
 Begin Bits: [0x0000000012da0000, 0x0000000016d40000)
 End Bits:   [0x0000000016d40000, 0x000000001ace0000)

Polling page: 0x0000000000cb0000

CodeCache: size=245760Kb used=15985Kb max_used=15985Kb free=229774Kb
 bounds [0x0000000002890000, 0x0000000003840000, 0x0000000011890000]
 total_blobs=4250 nmethods=3885 adapters=277
 compilation: enabled

Compilation events (10 events):
Event: 19.591 Thread 0x000000001bed7000 4290       2       com.sun.tools.javac.comp.MemberEnter::importAll (106 bytes)
Event: 19.592 Thread 0x000000001bed7000 nmethod 4290 0x00000000037f9c50 code [0x00000000037f9ea0, 0x00000000037fa748]
Event: 19.592 Thread 0x000000001be7e800 nmethod 4127 0x00000000037faf50 code [0x00000000037fb520, 0x0000000003800840]
Event: 19.592 Thread 0x000000001be7e800 4266       4       com.sun.tools.javac.code.Types$19::visitClassType (122 bytes)
Event: 19.598 Thread 0x000000001bed7000 4291       2       java.util.RegularEnumSet::remove (74 bytes)
Event: 19.599 Thread 0x000000001bed7000 nmethod 4291 0x000000000379ec10 code [0x000000000379ed80, 0x000000000379efe8]
Event: 19.599 Thread 0x000000001be7e800 nmethod 4266 0x00000000037f5b90 code [0x00000000037f5d80, 0x00000000037f6350]
Event: 19.599 Thread 0x000000001be7e800 4284       4       com.sun.tools.javac.jvm.ClassReader::readPool (504 bytes)
Event: 19.599 Thread 0x000000001bed7000 4292       2       java.util.RegularEnumSet::isEmpty (15 bytes)
Event: 19.599 Thread 0x000000001bed7000 nmethod 4292 0x00000000037cc750 code [0x00000000037cc8a0, 0x00000000037cca10]

GC Heap History (10 events):
Event: 2.777 GC heap before
{Heap before GC invocations=1 (full 0):
 PSYoungGen      total 76288K, used 65536K [0x000000076b300000, 0x0000000770800000, 0x00000007c0000000)
  eden space 65536K, 100% used [0x000000076b300000,0x000000076f300000,0x000000076f300000)
  from space 10752K, 0% used [0x000000076fd80000,0x000000076fd80000,0x0000000770800000)
  to   space 10752K, 0% used [0x000000076f300000,0x000000076f300000,0x000000076fd80000)
 ParOldGen       total 175104K, used 0K [0x00000006c1800000, 0x00000006cc300000, 0x000000076b300000)
  object space 175104K, 0% used [0x00000006c1800000,0x00000006c1800000,0x00000006cc300000)
 Metaspace       used 12232K, capacity 12462K, committed 12672K, reserved 1060864K
  class space    used 1504K, capacity 1575K, committed 1664K, reserved 1048576K
Event: 2.794 GC heap after
Heap after GC invocations=1 (full 0):
 PSYoungGen      total 76288K, used 10247K [0x000000076b300000, 0x0000000770800000, 0x00000007c0000000)
  eden space 65536K, 0% used [0x000000076b300000,0x000000076b300000,0x000000076f300000)
  from space 10752K, 95% used [0x000000076f300000,0x000000076fd01f10,0x000000076fd80000)
  to   space 10752K, 0% used [0x000000076fd80000,0x000000076fd80000,0x0000000770800000)
 ParOldGen       total 175104K, used 16K [0x00000006c1800000, 0x00000006cc300000, 0x000000076b300000)
  object space 175104K, 0% used [0x00000006c1800000,0x00000006c1804000,0x00000006cc300000)
 Metaspace       used 12232K, capacity 12462K, committed 12672K, reserved 1060864K
  class space    used 1504K, capacity 1575K, committed 1664K, reserved 1048576K
}
Event: 4.970 GC heap before
{Heap before GC invocations=2 (full 0):
 PSYoungGen      total 76288K, used 75783K [0x000000076b300000, 0x0000000770800000, 0x00000007c0000000)
  eden space 65536K, 100% used [0x000000076b300000,0x000000076f300000,0x000000076f300000)
  from space 10752K, 95% used [0x000000076f300000,0x000000076fd01f10,0x000000076fd80000)
  to   space 10752K, 0% used [0x000000076fd80000,0x000000076fd80000,0x0000000770800000)
 ParOldGen       total 175104K, used 16K [0x00000006c1800000, 0x00000006cc300000, 0x000000076b300000)
  object space 175104K, 0% used [0x00000006c1800000,0x00000006c1804000,0x00000006cc300000)
 Metaspace       used 12964K, capacity 13246K, committed 13440K, reserved 1060864K
  class space    used 1538K, capacity 1615K, committed 1664K, reserved 1048576K
Event: 4.983 GC heap after
Heap after GC invocations=2 (full 0):
 PSYoungGen      total 76288K, used 7755K [0x000000076b300000, 0x0000000770800000, 0x00000007c0000000)
  eden space 65536K, 0% used [0x000000076b300000,0x000000076b300000,0x000000076f300000)
  from space 10752K, 72% used [0x000000076fd80000,0x0000000770512fd8,0x0000000770800000)
  to   space 10752K, 0% used [0x000000076f300000,0x000000076f300000,0x000000076fd80000)
 ParOldGen       total 175104K, used 24K [0x00000006c1800000, 0x00000006cc300000, 0x000000076b300000)
  object space 175104K, 0% used [0x00000006c1800000,0x00000006c1806000,0x00000006cc300000)
 Metaspace       used 12964K, capacity 13246K, committed 13440K, reserved 1060864K
  class space    used 1538K, capacity 1615K, committed 1664K, reserved 1048576K
}
Event: 7.857 GC heap before
{Heap before GC invocations=3 (full 0):
 PSYoungGen      total 76288K, used 73291K [0x000000076b300000, 0x0000000770800000, 0x00000007c0000000)
  eden space 65536K, 100% used [0x000000076b300000,0x000000076f300000,0x000000076f300000)
  from space 10752K, 72% used [0x000000076fd80000,0x0000000770512fd8,0x0000000770800000)
  to   space 10752K, 0% used [0x000000076f300000,0x000000076f300000,0x000000076fd80000)
 ParOldGen       total 175104K, used 24K [0x00000006c1800000, 0x00000006cc300000, 0x000000076b300000)
  object space 175104K, 0% used [0x00000006c1800000,0x00000006c1806000,0x00000006cc300000)
 Metaspace       used 13447K, capacity 13724K, committed 13952K, reserved 1060864K
  class space    used 1558K, capacity 1620K, committed 1664K, reserved 1048576K
Event: 7.868 GC heap after
Heap after GC invocations=3 (full 0):
 PSYoungGen      total 76288K, used 9680K [0x000000076b300000, 0x0000000770800000, 0x00000007c0000000)
  eden space 65536K, 0% used [0x000000076b300000,0x000000076b300000,0x000000076f300000)
  from space 10752K, 90% used [0x000000076f300000,0x000000076fc74010,0x000000076fd80000)
  to   space 10752K, 0% used [0x000000076fd80000,0x000000076fd80000,0x0000000770800000)
 ParOldGen       total 175104K, used 32K [0x00000006c1800000, 0x00000006cc300000, 0x000000076b300000)
  object space 175104K, 0% used [0x00000006c1800000,0x00000006c1808000,0x00000006cc300000)
 Metaspace       used 13447K, capacity 13724K, committed 13952K, reserved 1060864K
  class space    used 1558K, capacity 1620K, committed 1664K, reserved 1048576K
}
Event: 13.689 GC heap before
{Heap before GC invocations=4 (full 0):
 PSYoungGen      total 76288K, used 75216K [0x000000076b300000, 0x0000000770800000, 0x00000007c0000000)
  eden space 65536K, 100% used [0x000000076b300000,0x000000076f300000,0x000000076f300000)
  from space 10752K, 90% used [0x000000076f300000,0x000000076fc74010,0x000000076fd80000)
  to   space 10752K, 0% used [0x000000076fd80000,0x000000076fd80000,0x0000000770800000)
 ParOldGen       total 175104K, used 32K [0x00000006c1800000, 0x00000006cc300000, 0x000000076b300000)
  object space 175104K, 0% used [0x00000006c1800000,0x00000006c1808000,0x00000006cc300000)
 Metaspace       used 14877K, capacity 15164K, committed 15488K, reserved 1062912K
  class space    used 1704K, capacity 1804K, committed 1920K, reserved 1048576K
Event: 13.711 GC heap after
Heap after GC invocations=4 (full 0):
 PSYoungGen      total 76288K, used 10736K [0x000000076b300000, 0x0000000770800000, 0x00000007c0000000)
  eden space 65536K, 0% used [0x000000076b300000,0x000000076b300000,0x000000076f300000)
  from space 10752K, 99% used [0x000000076fd80000,0x00000007707fc010,0x0000000770800000)
  to   space 10752K, 0% used [0x000000076f300000,0x000000076f300000,0x000000076fd80000)
 ParOldGen       total 175104K, used 2647K [0x00000006c1800000, 0x00000006cc300000, 0x000000076b300000)
  object space 175104K, 1% used [0x00000006c1800000,0x00000006c1a95c78,0x00000006cc300000)
 Metaspace       used 14877K, capacity 15164K, committed 15488K, reserved 1062912K
  class space    used 1704K, capacity 1804K, committed 1920K, reserved 1048576K
}
Event: 18.214 GC heap before
{Heap before GC invocations=5 (full 0):
 PSYoungGen      total 76288K, used 76272K [0x000000076b300000, 0x0000000770800000, 0x00000007c0000000)
  eden space 65536K, 100% used [0x000000076b300000,0x000000076f300000,0x000000076f300000)
  from space 10752K, 99% used [0x000000076fd80000,0x00000007707fc010,0x0000000770800000)
  to   space 10752K, 0% used [0x000000076f300000,0x000000076f300000,0x000000076fd80000)
 ParOldGen       total 175104K, used 2647K [0x00000006c1800000, 0x00000006cc300000, 0x000000076b300000)
  object space 175104K, 1% used [0x00000006c1800000,0x00000006c1a95c78,0x00000006cc300000)
 Metaspace       used 19594K, capacity 19856K, committed 20096K, reserved 1067008K
  class space    used 2264K, capacity 2388K, committed 2432K, reserved 1048576K
Event: 18.264 GC heap after
Heap after GC invocations=5 (full 0):
 PSYoungGen      total 74752K, used 10729K [0x000000076b300000, 0x0000000772580000, 0x00000007c0000000)
  eden space 64000K, 0% used [0x000000076b300000,0x000000076b300000,0x000000076f180000)
  from space 10752K, 99% used [0x000000076f300000,0x000000076fd7a5e0,0x000000076fd80000)
  to   space 26624K, 0% used [0x0000000770b80000,0x0000000770b80000,0x0000000772580000)
 ParOldGen       total 175104K, used 21705K [0x00000006c1800000, 0x00000006cc300000, 0x000000076b300000)
  object space 175104K, 12% used [0x00000006c1800000,0x00000006c2d32798,0x00000006cc300000)
 Metaspace       used 19594K, capacity 19856K, committed 20096K, reserved 1067008K
  class space    used 2264K, capacity 2388K, committed 2432K, reserved 1048576K
}

Deoptimization events (10 events):
Event: 18.499 Thread 0x000000000268e800 Uncommon trap: reason=bimorphic action=maybe_recompile pc=0x0000000002cec908 method=java.lang.ClassLoader.loadClass(Ljava/lang/String;Z)Ljava/lang/Class; @ 38
Event: 18.500 Thread 0x000000000268e800 Uncommon trap: reason=bimorphic action=maybe_recompile pc=0x0000000002cec908 method=java.lang.ClassLoader.loadClass(Ljava/lang/String;Z)Ljava/lang/Class; @ 38
Event: 18.500 Thread 0x000000000268e800 Uncommon trap: reason=bimorphic action=maybe_recompile pc=0x0000000002cec908 method=java.lang.ClassLoader.loadClass(Ljava/lang/String;Z)Ljava/lang/Class; @ 38
Event: 18.500 Thread 0x000000000268e800 Uncommon trap: reason=class_check action=maybe_recompile pc=0x0000000003496e30 method=sun.misc.URLClassPath.getResource(Ljava/lang/String;Z)Lsun/misc/Resource; @ 62
Event: 18.502 Thread 0x000000000268e800 Uncommon trap: reason=class_check action=maybe_recompile pc=0x0000000003496e30 method=sun.misc.URLClassPath.getResource(Ljava/lang/String;Z)Lsun/misc/Resource; @ 62
Event: 18.503 Thread 0x000000000268e800 Uncommon trap: reason=class_check action=maybe_recompile pc=0x0000000003496e30 method=sun.misc.URLClassPath.getResource(Ljava/lang/String;Z)Lsun/misc/Resource; @ 62
Event: 18.504 Thread 0x000000000268e800 Uncommon trap: reason=class_check action=maybe_recompile pc=0x00000000035ba5ac method=sun.misc.URLClassPath.getResource(Ljava/lang/String;Z)Lsun/misc/Resource; @ 62
Event: 18.505 Thread 0x000000000268e800 Uncommon trap: reason=class_check action=maybe_recompile pc=0x0000000002b88fac method=sun.misc.URLClassPath.getResource(Ljava/lang/String;Z)Lsun/misc/Resource; @ 62
Event: 18.559 Thread 0x000000000268e800 Uncommon trap: reason=unstable_if action=reinterpret pc=0x0000000002f0fc2c method=java.util.regex.Pattern.RemoveQEQuoting()V @ 41
Event: 18.691 Thread 0x000000000268e800 Uncommon trap: reason=unstable_if action=reinterpret pc=0x0000000002ae4764 method=com.sun.tools.javac.code.Symbol$TypeSymbol.formFullName(Lcom/sun/tools/javac/util/Name;Lcom/sun/tools/javac/code/Symbol;)Lcom/sun/tools/javac/util/Name; @ 1

Classes redefined (0 events):
No events

Internal exceptions (10 events):
Event: 18.617 Thread 0x000000000268e800 Exception <a 'java/security/PrivilegedActionException'> (0x000000076bce5b28) thrown at [C:\re\workspace\8-2-build-windows-amd64-cygwin\jdk8u181\11358\hotspot\src\share\vm\prims\jvm.cpp, line 1435]
Event: 18.617 Thread 0x000000000268e800 Exception <a 'java/security/PrivilegedActionException'> (0x000000076bce7350) thrown at [C:\re\workspace\8-2-build-windows-amd64-cygwin\jdk8u181\11358\hotspot\src\share\vm\prims\jvm.cpp, line 1435]
Event: 18.617 Thread 0x000000000268e800 Exception <a 'java/security/PrivilegedActionException'> (0x000000076bce7748) thrown at [C:\re\workspace\8-2-build-windows-amd64-cygwin\jdk8u181\11358\hotspot\src\share\vm\prims\jvm.cpp, line 1435]
Event: 18.617 Thread 0x000000000268e800 Exception <a 'java/security/PrivilegedActionException'> (0x000000076bce8e40) thrown at [C:\re\workspace\8-2-build-windows-amd64-cygwin\jdk8u181\11358\hotspot\src\share\vm\prims\jvm.cpp, line 1435]
Event: 18.617 Thread 0x000000000268e800 Exception <a 'java/security/PrivilegedActionException'> (0x000000076bce9238) thrown at [C:\re\workspace\8-2-build-windows-amd64-cygwin\jdk8u181\11358\hotspot\src\share\vm\prims\jvm.cpp, line 1435]
Event: 18.617 Thread 0x000000000268e800 Exception <a 'java/security/PrivilegedActionException'> (0x000000076bceab50) thrown at [C:\re\workspace\8-2-build-windows-amd64-cygwin\jdk8u181\11358\hotspot\src\share\vm\prims\jvm.cpp, line 1435]
Event: 18.617 Thread 0x000000000268e800 Exception <a 'java/security/PrivilegedActionException'> (0x000000076bceaf48) thrown at [C:\re\workspace\8-2-build-windows-amd64-cygwin\jdk8u181\11358\hotspot\src\share\vm\prims\jvm.cpp, line 1435]
Event: 18.617 Thread 0x000000000268e800 Exception <a 'java/security/PrivilegedActionException'> (0x000000076bcec660) thrown at [C:\re\workspace\8-2-build-windows-amd64-cygwin\jdk8u181\11358\hotspot\src\share\vm\prims\jvm.cpp, line 1435]
Event: 18.617 Thread 0x000000000268e800 Exception <a 'java/security/PrivilegedActionException'> (0x000000076bceca58) thrown at [C:\re\workspace\8-2-build-windows-amd64-cygwin\jdk8u181\11358\hotspot\src\share\vm\prims\jvm.cpp, line 1435]
Event: 18.691 Thread 0x000000000268e800 Implicit null exception at 0x0000000002ae464f to 0x0000000002ae4751

Events (10 events):
Event: 18.692 loading class com/sun/tools/javac/api/JavacTrees
Event: 18.692 loading class com/sun/tools/javac/api/JavacTrees done
Event: 18.693 loading class com/sun/source/util/DocTrees
Event: 18.693 loading class com/sun/source/util/DocTrees done
Event: 18.693 loading class com/sun/source/util/Trees
Event: 18.693 loading class com/sun/source/util/Trees done
Event: 18.700 Executing VM operation: ForceSafepoint
Event: 18.700 Executing VM operation: ForceSafepoint done
Event: 18.703 loading class com/sun/tools/javac/file/CacheFSInfo$Entry
Event: 18.703 loading class com/sun/tools/javac/file/CacheFSInfo$Entry done


Dynamic libraries:
0x00007ff6cec10000 - 0x00007ff6cec47000 	C:\Program Files\Java\jdk1.8.0_181\bin\java.exe
0x00007ffe461e0000 - 0x00007ffe463a2000 	C:\Windows\SYSTEM32\ntdll.dll
0x00007ffe460c0000 - 0x00007ffe4616d000 	C:\Windows\system32\KERNEL32.DLL
0x00007ffe436d0000 - 0x00007ffe438ad000 	C:\Windows\system32\KERNELBASE.dll
0x00007ffe44440000 - 0x00007ffe444e6000 	C:\Windows\system32\ADVAPI32.dll
0x00007ffe46020000 - 0x00007ffe460bd000 	C:\Windows\system32\msvcrt.dll
0x00007ffe440e0000 - 0x00007ffe4413b000 	C:\Windows\system32\sechost.dll
0x00007ffe43b20000 - 0x00007ffe43c46000 	C:\Windows\system32\RPCRT4.dll
0x00007ffe44870000 - 0x00007ffe449be000 	C:\Windows\system32\USER32.dll
0x00007ffe442b0000 - 0x00007ffe44435000 	C:\Windows\system32\GDI32.dll
0x00007ffe35700000 - 0x00007ffe35974000 	C:\Windows\WinSxS\amd64_microsoft.windows.common-controls_6595b64144ccf1df_6.0.10240.16384_none_f41f7b285750ef43\COMCTL32.dll
0x00007ffe46170000 - 0x00007ffe461a6000 	C:\Windows\system32\IMM32.DLL
0x00007ffe44140000 - 0x00007ffe4429c000 	C:\Windows\system32\MSCTF.dll
0x00000000542a0000 - 0x0000000054372000 	C:\Program Files\Java\jdk1.8.0_181\jre\bin\msvcr100.dll
0x0000000054380000 - 0x0000000054c22000 	C:\Program Files\Java\jdk1.8.0_181\jre\bin\server\jvm.dll
0x00007ffe442a0000 - 0x00007ffe442a8000 	C:\Windows\system32\PSAPI.DLL
0x00007ffe387b0000 - 0x00007ffe387b9000 	C:\Windows\SYSTEM32\WSOCK32.dll
0x00007ffe38e70000 - 0x00007ffe38e7a000 	C:\Windows\SYSTEM32\VERSION.dll
0x00007ffe30530000 - 0x00007ffe30553000 	C:\Windows\SYSTEM32\WINMM.dll
0x00007ffe444f0000 - 0x00007ffe44559000 	C:\Windows\system32\WS2_32.dll
0x00007ffe44a70000 - 0x00007ffe44a78000 	C:\Windows\system32\NSI.dll
0x00007ffe30500000 - 0x00007ffe3052c000 	C:\Windows\SYSTEM32\WINMMBASE.dll
0x00007ffe43050000 - 0x00007ffe43094000 	C:\Windows\system32\cfgmgr32.dll
0x00007ffe41580000 - 0x00007ffe415a7000 	C:\Windows\SYSTEM32\DEVOBJ.dll
0x0000000054250000 - 0x000000005425f000 	C:\Program Files\Java\jdk1.8.0_181\jre\bin\verify.dll
0x0000000054220000 - 0x0000000054249000 	C:\Program Files\Java\jdk1.8.0_181\jre\bin\java.dll
0x0000000054200000 - 0x0000000054216000 	C:\Program Files\Java\jdk1.8.0_181\jre\bin\zip.dll
0x00007ffe44af0000 - 0x00007ffe46015000 	C:\Windows\system32\SHELL32.dll
0x00007ffe430a0000 - 0x00007ffe436c8000 	C:\Windows\system32\windows.storage.dll
0x00007ffe43e60000 - 0x00007ffe440dc000 	C:\Windows\system32\combase.dll
0x00007ffe44640000 - 0x00007ffe44691000 	C:\Windows\system32\shlwapi.dll
0x00007ffe42c50000 - 0x00007ffe42c5f000 	C:\Windows\system32\kernel.appcore.dll
0x00007ffe42e80000 - 0x00007ffe42f33000 	C:\Windows\system32\shcore.dll
0x00007ffe42c60000 - 0x00007ffe42caa000 	C:\Windows\system32\powrprof.dll
0x00007ffe42c30000 - 0x00007ffe42c43000 	C:\Windows\system32\profapi.dll
0x0000000053fd0000 - 0x0000000053fea000 	C:\Program Files\Java\jdk1.8.0_181\jre\bin\net.dll
0x00007ffe42480000 - 0x00007ffe424dd000 	C:\Windows\system32\mswsock.dll
0x0000000053f90000 - 0x0000000053fa1000 	C:\Program Files\Java\jdk1.8.0_181\jre\bin\nio.dll
0x00007ffe393b0000 - 0x00007ffe3953a000 	C:\Windows\SYSTEM32\dbghelp.dll

VM Arguments:
jvm_args: -Dclassworlds.conf=C:\Program Files\NetBeans 8.2\java\maven\bin\m2.conf -Dmaven.home=C:\Program Files\NetBeans 8.2\java\maven 
java_command: org.codehaus.plexus.classworlds.launcher.Launcher -Dnetbeans.deploy.clientUrlPart=/Login.jsp -Dnetbeans.deploy.debugmode=true -Dnetbeans.deploy=true -Dmaven.ext.class.path=C:\Program Files\NetBeans 8.2\java\maven-nblib\netbeans-eventspy.jar -Dfile.encoding=UTF-8 package
java_class_path (initial): C:\Program Files\NetBeans 8.2\java\maven\boot\plexus-classworlds-2.4.jar
Launcher Type: SUN_STANDARD

Environment Variables:
JAVA_HOME=C:\Program Files\Java\jdk1.8.0_181
CLASSPATH=.;
PATH=C:\Program Files (x86)\Common Files\Oracle\Java\javapath;C:\Program Files (x86)\Intel\iCLS Client\;C:\Program Files\Intel\iCLS Client\;C:\Windows\system32;C:\Windows;C:\Windows\System32\Wbem;C:\Windows\System32\WindowsPowerShell\v1.0\;C:\Program Files\Java\jdk1.8.0_181\bin;C:\Users\Riana\AppData\Local\GitHubDesktop\bin
USERNAME=Riana
OS=Windows_NT
PROCESSOR_IDENTIFIER=Intel64 Family 6 Model 61 Stepping 4, GenuineIntel



---------------  S Y S T E M  ---------------

OS: Windows 10.0 , 64 bit Build 10240 (10.0.10240.16384)

CPU:total 4 (initial active 4) (2 cores per cpu, 2 threads per core) family 6 model 61 stepping 4, cmov, cx8, fxsr, mmx, sse, sse2, sse3, ssse3, sse4.1, sse4.2, popcnt, avx, avx2, aes, clmul, erms, 3dnowpref, lzcnt, ht, tsc, tscinvbit, bmi1, bmi2, adx

Memory: 4k page, physical 16677280k(10676372k free), swap 19167648k(13844240k free)

vm_info: Java HotSpot(TM) 64-Bit Server VM (25.181-b13) for windows-amd64 JRE (1.8.0_181-b13), built on Jul  7 2018 04:01:33 by "java_re" with MS VC++ 10.0 (VS2010)

time: Fri Sep 21 15:36:28 2018
elapsed time: 19 seconds (0d 0h 0m 19s)

